This file contains any messages produced by compilers while
running configure, to aid debugging if configure makes a mistake.

It was created by EES4100_Testbench configure 0.1, which was
generated by GNU Autoconf 2.69.  Invocation command line was

  $ ./configure 

## --------- ##
## Platform. ##
## --------- ##

hostname = localhost.localdomain
uname -m = x86_64
uname -r = 3.19.8-100.fc20.x86_64
uname -s = Linux
uname -v = #1 SMP Tue May 12 17:08:50 UTC 2015

/usr/bin/uname -p = x86_64
/bin/uname -X     = unknown

/bin/arch              = x86_64
/usr/bin/arch -k       = unknown
/usr/convex/getsysinfo = unknown
/usr/bin/hostinfo      = unknown
/bin/machine           = unknown
/usr/bin/oslevel       = unknown
/bin/universe          = unknown

PATH: /usr/lib64/qt-3.3/bin
PATH: /usr/local/bin
PATH: /usr/bin
PATH: /bin
PATH: /usr/local/sbin
PATH: /usr/sbin
PATH: /home/Jay/.local/bin
PATH: /home/Jay/bin


## ----------- ##
## Core tests. ##
## ----------- ##

configure:2193: checking for a BSD-compatible install
configure:2261: result: /usr/bin/install -c
configure:2272: checking whether build environment is sane
configure:2327: result: yes
configure:2478: checking for a thread-safe mkdir -p
configure:2517: result: /usr/bin/mkdir -p
configure:2524: checking for gawk
configure:2540: found /usr/bin/gawk
configure:2551: result: gawk
configure:2562: checking whether make sets $(MAKE)
configure:2584: result: yes
configure:2613: checking whether make supports nested variables
configure:2630: result: yes
configure:2725: checking whether make supports nested variables
configure:2742: result: yes
configure:2783: checking build system type
configure:2797: result: x86_64-pc-linux-gnu
configure:2817: checking host system type
configure:2830: result: x86_64-pc-linux-gnu
configure:2871: checking how to print strings
configure:2898: result: printf
configure:2931: checking for style of include used by make
configure:2959: result: GNU
configure:3030: checking for gcc
configure:3046: found /usr/bin/gcc
configure:3057: result: gcc
configure:3286: checking for C compiler version
configure:3295: gcc --version >&5
gcc (GCC) 4.8.3 20140911 (Red Hat 4.8.3-7)
Copyright (C) 2013 Free Software Foundation, Inc.
This is free software; see the source for copying conditions.  There is NO
warranty; not even for MERCHANTABILITY or FITNESS FOR A PARTICULAR PURPOSE.

configure:3306: $? = 0
configure:3295: gcc -v >&5
Using built-in specs.
COLLECT_GCC=gcc
COLLECT_LTO_WRAPPER=/usr/libexec/gcc/x86_64-redhat-linux/4.8.3/lto-wrapper
Target: x86_64-redhat-linux
Configured with: ../configure --prefix=/usr --mandir=/usr/share/man --infodir=/usr/share/info --with-bugurl=http://bugzilla.redhat.com/bugzilla --enable-bootstrap --enable-shared --enable-threads=posix --enable-checking=release --with-system-zlib --enable-__cxa_atexit --disable-libunwind-exceptions --enable-gnu-unique-object --enable-linker-build-id --with-linker-hash-style=gnu --enable-languages=c,c++,objc,obj-c++,java,fortran,ada,go,lto --enable-plugin --enable-initfini-array --enable-java-awt=gtk --disable-dssi --with-java-home=/usr/lib/jvm/java-1.5.0-gcj-1.5.0.0/jre --enable-libgcj-multifile --enable-java-maintainer-mode --with-ecj-jar=/usr/share/java/eclipse-ecj.jar --disable-libjava-multilib --with-isl=/builddir/build/BUILD/gcc-4.8.3-20140911/obj-x86_64-redhat-linux/isl-install --with-cloog=/builddir/build/BUILD/gcc-4.8.3-20140911/obj-x86_64-redhat-linux/cloog-install --with-tune=generic --with-arch_32=i686 --build=x86_64-redhat-linux
Thread model: posix
gcc version 4.8.3 20140911 (Red Hat 4.8.3-7) (GCC) 
configure:3306: $? = 0
configure:3295: gcc -V >&5
gcc: error: unrecognized command line option '-V'
gcc: fatal error: no input files
compilation terminated.
configure:3306: $? = 4
configure:3295: gcc -qversion >&5
gcc: error: unrecognized command line option '-qversion'
gcc: fatal error: no input files
compilation terminated.
configure:3306: $? = 4
configure:3326: checking whether the C compiler works
configure:3348: gcc    conftest.c  >&5
configure:3352: $? = 0
configure:3400: result: yes
configure:3403: checking for C compiler default output file name
configure:3405: result: a.out
configure:3411: checking for suffix of executables
configure:3418: gcc -o conftest    conftest.c  >&5
configure:3422: $? = 0
configure:3444: result: 
configure:3466: checking whether we are cross compiling
configure:3474: gcc -o conftest    conftest.c  >&5
configure:3478: $? = 0
configure:3485: ./conftest
configure:3489: $? = 0
configure:3504: result: no
configure:3509: checking for suffix of object files
configure:3531: gcc -c   conftest.c >&5
configure:3535: $? = 0
configure:3556: result: o
configure:3560: checking whether we are using the GNU C compiler
configure:3579: gcc -c   conftest.c >&5
configure:3579: $? = 0
configure:3588: result: yes
configure:3597: checking whether gcc accepts -g
configure:3617: gcc -c -g  conftest.c >&5
configure:3617: $? = 0
configure:3658: result: yes
configure:3675: checking for gcc option to accept ISO C89
configure:3738: gcc  -c -g -O2  conftest.c >&5
configure:3738: $? = 0
configure:3751: result: none needed
configure:3773: checking dependency style of gcc
configure:3884: result: gcc3
configure:3899: checking for a sed that does not truncate output
configure:3963: result: /usr/bin/sed
configure:3981: checking for grep that handles long lines and -e
configure:4039: result: /usr/bin/grep
configure:4044: checking for egrep
configure:4106: result: /usr/bin/grep -E
configure:4111: checking for fgrep
configure:4173: result: /usr/bin/grep -F
configure:4208: checking for ld used by gcc
configure:4275: result: /usr/bin/ld
configure:4282: checking if the linker (/usr/bin/ld) is GNU ld
configure:4297: result: yes
configure:4309: checking for BSD- or MS-compatible name lister (nm)
configure:4363: result: /usr/bin/nm -B
configure:4493: checking the name lister (/usr/bin/nm -B) interface
configure:4500: gcc -c -g -O2  conftest.c >&5
configure:4503: /usr/bin/nm -B "conftest.o"
configure:4506: output
0000000000000000 B some_variable
configure:4513: result: BSD nm
configure:4516: checking whether ln -s works
configure:4520: result: yes
configure:4528: checking the maximum length of command line arguments
configure:4659: result: 1572864
configure:4707: checking how to convert x86_64-pc-linux-gnu file names to x86_64-pc-linux-gnu format
configure:4747: result: func_convert_file_noop
configure:4754: checking how to convert x86_64-pc-linux-gnu file names to toolchain format
configure:4774: result: func_convert_file_noop
configure:4781: checking for /usr/bin/ld option to reload object files
configure:4788: result: -r
configure:4862: checking for objdump
configure:4878: found /usr/bin/objdump
configure:4889: result: objdump
configure:4921: checking how to recognize dependent libraries
configure:5121: result: pass_all
configure:5206: checking for dlltool
configure:5236: result: no
configure:5266: checking how to associate runtime and link libraries
configure:5293: result: printf %s\n
configure:5354: checking for ar
configure:5370: found /usr/bin/ar
configure:5381: result: ar
configure:5418: checking for archiver @FILE support
configure:5435: gcc -c -g -O2  conftest.c >&5
configure:5435: $? = 0
configure:5438: ar cru libconftest.a @conftest.lst >&5
configure:5441: $? = 0
configure:5446: ar cru libconftest.a @conftest.lst >&5
ar: conftest.o: No such file or directory
configure:5449: $? = 1
configure:5461: result: @
configure:5519: checking for strip
configure:5535: found /usr/bin/strip
configure:5546: result: strip
configure:5618: checking for ranlib
configure:5634: found /usr/bin/ranlib
configure:5645: result: ranlib
configure:5747: checking command to parse /usr/bin/nm -B output from gcc object
configure:5900: gcc -c -g -O2  conftest.c >&5
configure:5903: $? = 0
configure:5907: /usr/bin/nm -B conftest.o \| sed -n -e 's/^.*[ ]\([ABCDGIRSTW][ABCDGIRSTW]*\)[ ][ ]*\([_A-Za-z][_A-Za-z0-9]*\)$/\1 \2 \2/p' | sed '/ __gnu_lto/d' \> conftest.nm
configure:5910: $? = 0
configure:5976: gcc -o conftest -g -O2   conftest.c conftstm.o >&5
configure:5979: $? = 0
configure:6017: result: ok
configure:6064: checking for sysroot
configure:6094: result: no
configure:6101: checking for a working dd
configure:6139: result: /usr/bin/dd
configure:6143: checking how to truncate binary pipes
configure:6158: result: /usr/bin/dd bs=4096 count=1
configure:6294: gcc -c -g -O2  conftest.c >&5
configure:6297: $? = 0
configure:6487: checking for mt
configure:6517: result: no
configure:6537: checking if : is a manifest tool
configure:6543: : '-?'
configure:6551: result: no
configure:7228: checking how to run the C preprocessor
configure:7259: gcc -E  conftest.c
configure:7259: $? = 0
configure:7273: gcc -E  conftest.c
conftest.c:11:28: fatal error: ac_nonexistent.h: No such file or directory
 #include <ac_nonexistent.h>
                            ^
compilation terminated.
configure:7273: $? = 1
configure: failed program was:
| /* confdefs.h */
| #define PACKAGE_NAME "EES4100_Testbench"
| #define PACKAGE_TARNAME "ees4100_testbench"
| #define PACKAGE_VERSION "0.1"
| #define PACKAGE_STRING "EES4100_Testbench 0.1"
| #define PACKAGE_BUGREPORT ""
| #define PACKAGE_URL ""
| #define PACKAGE "ees4100_testbench"
| #define VERSION "0.1"
| /* end confdefs.h.  */
| #include <ac_nonexistent.h>
configure:7298: result: gcc -E
configure:7318: gcc -E  conftest.c
configure:7318: $? = 0
configure:7332: gcc -E  conftest.c
conftest.c:11:28: fatal error: ac_nonexistent.h: No such file or directory
 #include <ac_nonexistent.h>
                            ^
compilation terminated.
configure:7332: $? = 1
configure: failed program was:
| /* confdefs.h */
| #define PACKAGE_NAME "EES4100_Testbench"
| #define PACKAGE_TARNAME "ees4100_testbench"
| #define PACKAGE_VERSION "0.1"
| #define PACKAGE_STRING "EES4100_Testbench 0.1"
| #define PACKAGE_BUGREPORT ""
| #define PACKAGE_URL ""
| #define PACKAGE "ees4100_testbench"
| #define VERSION "0.1"
| /* end confdefs.h.  */
| #include <ac_nonexistent.h>
configure:7361: checking for ANSI C header files
configure:7381: gcc -c -g -O2  conftest.c >&5
configure:7381: $? = 0
configure:7454: gcc -o conftest -g -O2   conftest.c  >&5
configure:7454: $? = 0
configure:7454: ./conftest
configure:7454: $? = 0
configure:7465: result: yes
configure:7478: checking for sys/types.h
configure:7478: gcc -c -g -O2  conftest.c >&5
configure:7478: $? = 0
configure:7478: result: yes
configure:7478: checking for sys/stat.h
configure:7478: gcc -c -g -O2  conftest.c >&5
configure:7478: $? = 0
configure:7478: result: yes
configure:7478: checking for stdlib.h
configure:7478: gcc -c -g -O2  conftest.c >&5
configure:7478: $? = 0
configure:7478: result: yes
configure:7478: checking for string.h
configure:7478: gcc -c -g -O2  conftest.c >&5
configure:7478: $? = 0
configure:7478: result: yes
configure:7478: checking for memory.h
configure:7478: gcc -c -g -O2  conftest.c >&5
configure:7478: $? = 0
configure:7478: result: yes
configure:7478: checking for strings.h
configure:7478: gcc -c -g -O2  conftest.c >&5
configure:7478: $? = 0
configure:7478: result: yes
configure:7478: checking for inttypes.h
configure:7478: gcc -c -g -O2  conftest.c >&5
configure:7478: $? = 0
configure:7478: result: yes
configure:7478: checking for stdint.h
configure:7478: gcc -c -g -O2  conftest.c >&5
configure:7478: $? = 0
configure:7478: result: yes
configure:7478: checking for unistd.h
configure:7478: gcc -c -g -O2  conftest.c >&5
configure:7478: $? = 0
configure:7478: result: yes
configure:7492: checking for dlfcn.h
configure:7492: gcc -c -g -O2  conftest.c >&5
configure:7492: $? = 0
configure:7492: result: yes
configure:7748: checking for objdir
configure:7763: result: .libs
configure:8027: checking if gcc supports -fno-rtti -fno-exceptions
configure:8045: gcc -c -g -O2  -fno-rtti -fno-exceptions conftest.c >&5
cc1: warning: command line option '-fno-rtti' is valid for C++/ObjC++ but not for C [enabled by default]
configure:8049: $? = 0
configure:8062: result: no
configure:8420: checking for gcc option to produce PIC
configure:8427: result: -fPIC -DPIC
configure:8435: checking if gcc PIC flag -fPIC -DPIC works
configure:8453: gcc -c -g -O2  -fPIC -DPIC -DPIC conftest.c >&5
configure:8457: $? = 0
configure:8470: result: yes
configure:8499: checking if gcc static flag -static works
configure:8527: result: no
configure:8542: checking if gcc supports -c -o file.o
configure:8563: gcc -c -g -O2  -o out/conftest2.o conftest.c >&5
configure:8567: $? = 0
configure:8589: result: yes
configure:8597: checking if gcc supports -c -o file.o
configure:8644: result: yes
configure:8677: checking whether the gcc linker (/usr/bin/ld -m elf_x86_64) supports shared libraries
configure:9936: result: yes
configure:9973: checking whether -lc should be explicitly linked in
configure:9981: gcc -c -g -O2  conftest.c >&5
configure:9984: $? = 0
configure:9999: gcc -shared  -fPIC -DPIC conftest.o  -v -Wl,-soname -Wl,conftest -o conftest 2\>\&1 \| /usr/bin/grep  -lc  \>/dev/null 2\>\&1
configure:10002: $? = 0
configure:10016: result: no
configure:10176: checking dynamic linker characteristics
configure:10770: gcc -o conftest -g -O2   -Wl,-rpath -Wl,/foo conftest.c  >&5
configure:10770: $? = 0
configure:11007: result: GNU/Linux ld.so
configure:11129: checking how to hardcode library paths into programs
configure:11154: result: immediate
configure:11702: checking whether stripping libraries is possible
configure:11707: result: yes
configure:11742: checking if libtool supports shared libraries
configure:11744: result: yes
configure:11747: checking whether to build shared libraries
configure:11772: result: yes
configure:11775: checking whether to build static libraries
configure:11779: result: yes
configure:11865: checking for gcc
configure:11892: result: gcc
configure:12121: checking for C compiler version
configure:12130: gcc --version >&5
gcc (GCC) 4.8.3 20140911 (Red Hat 4.8.3-7)
Copyright (C) 2013 Free Software Foundation, Inc.
This is free software; see the source for copying conditions.  There is NO
warranty; not even for MERCHANTABILITY or FITNESS FOR A PARTICULAR PURPOSE.

configure:12141: $? = 0
configure:12130: gcc -v >&5
Using built-in specs.
COLLECT_GCC=gcc
COLLECT_LTO_WRAPPER=/usr/libexec/gcc/x86_64-redhat-linux/4.8.3/lto-wrapper
Target: x86_64-redhat-linux
Configured with: ../configure --prefix=/usr --mandir=/usr/share/man --infodir=/usr/share/info --with-bugurl=http://bugzilla.redhat.com/bugzilla --enable-bootstrap --enable-shared --enable-threads=posix --enable-checking=release --with-system-zlib --enable-__cxa_atexit --disable-libunwind-exceptions --enable-gnu-unique-object --enable-linker-build-id --with-linker-hash-style=gnu --enable-languages=c,c++,objc,obj-c++,java,fortran,ada,go,lto --enable-plugin --enable-initfini-array --enable-java-awt=gtk --disable-dssi --with-java-home=/usr/lib/jvm/java-1.5.0-gcj-1.5.0.0/jre --enable-libgcj-multifile --enable-java-maintainer-mode --with-ecj-jar=/usr/share/java/eclipse-ecj.jar --disable-libjava-multilib --with-isl=/builddir/build/BUILD/gcc-4.8.3-20140911/obj-x86_64-redhat-linux/isl-install --with-cloog=/builddir/build/BUILD/gcc-4.8.3-20140911/obj-x86_64-redhat-linux/cloog-install --with-tune=generic --with-arch_32=i686 --build=x86_64-redhat-linux
Thread model: posix
gcc version 4.8.3 20140911 (Red Hat 4.8.3-7) (GCC) 
configure:12141: $? = 0
configure:12130: gcc -V >&5
gcc: error: unrecognized command line option '-V'
gcc: fatal error: no input files
compilation terminated.
configure:12141: $? = 4
configure:12130: gcc -qversion >&5
gcc: error: unrecognized command line option '-qversion'
gcc: fatal error: no input files
compilation terminated.
configure:12141: $? = 4
configure:12145: checking whether we are using the GNU C compiler
configure:12173: result: yes
configure:12182: checking whether gcc accepts -g
configure:12243: result: yes
configure:12260: checking for gcc option to accept ISO C89
configure:12336: result: none needed
configure:12358: checking dependency style of gcc
configure:12469: result: gcc3
configure:12485: checking whether gcc and cc understand -c and -o together
configure:12516: gcc -c conftest.c -o conftest2.o >&5
configure:12520: $? = 0
configure:12526: gcc -c conftest.c -o conftest2.o >&5
configure:12530: $? = 0
configure:12541: cc -c conftest.c >&5
configure:12545: $? = 0
configure:12553: cc -c conftest.c -o conftest2.o >&5
configure:12557: $? = 0
configure:12563: cc -c conftest.c -o conftest2.o >&5
configure:12567: $? = 0
configure:12585: result: yes
configure:12665: checking for pkg-config
configure:12683: found /usr/bin/pkg-config
configure:12695: result: /usr/bin/pkg-config
configure:12720: checking pkg-config is at least version 0.9.0
configure:12723: result: yes
configure:12733: checking for MODBUS
configure:12740: $PKG_CONFIG --exists --print-errors "libmodbus"
configure:12743: $? = 0
configure:12757: $PKG_CONFIG --exists --print-errors "libmodbus"
configure:12760: $? = 0
configure:12818: result: yes
configure:12824: checking for BACNET
configure:12831: $PKG_CONFIG --exists --print-errors "libbacnet"
configure:12834: $? = 0
configure:12848: $PKG_CONFIG --exists --print-errors "libbacnet"
configure:12851: $? = 0
configure:12909: result: yes
configure:12914: checking for library containing pthread_create
configure:12945: gcc -o conftest -g -O2   conftest.c  >&5
/tmp/cc2dmKri.o: In function `main':
/home/Jay/Documents/VicUni/4thYr1stSem/OS/project/Project/conftest.c:34: undefined reference to `pthread_create'
collect2: error: ld returned 1 exit status
configure:12945: $? = 1
configure: failed program was:
| /* confdefs.h */
| #define PACKAGE_NAME "EES4100_Testbench"
| #define PACKAGE_TARNAME "ees4100_testbench"
| #define PACKAGE_VERSION "0.1"
| #define PACKAGE_STRING "EES4100_Testbench 0.1"
| #define PACKAGE_BUGREPORT ""
| #define PACKAGE_URL ""
| #define PACKAGE "ees4100_testbench"
| #define VERSION "0.1"
| #define STDC_HEADERS 1
| #define HAVE_SYS_TYPES_H 1
| #define HAVE_SYS_STAT_H 1
| #define HAVE_STDLIB_H 1
| #define HAVE_STRING_H 1
| #define HAVE_MEMORY_H 1
| #define HAVE_STRINGS_H 1
| #define HAVE_INTTYPES_H 1
| #define HAVE_STDINT_H 1
| #define HAVE_UNISTD_H 1
| #define HAVE_DLFCN_H 1
| #define LT_OBJDIR ".libs/"
| /* end confdefs.h.  */
| 
| /* Override any GCC internal prototype to avoid an error.
|    Use char because int might match the return type of a GCC
|    builtin and then its argument prototype would still apply.  */
| #ifdef __cplusplus
| extern "C"
| #endif
| char pthread_create ();
| int
| main ()
| {
| return pthread_create ();
|   ;
|   return 0;
| }
configure:12945: gcc -o conftest -g -O2   conftest.c -lpthread   >&5
configure:12945: $? = 0
configure:12962: result: -lpthread
configure:13085: checking that generated files are newer than configure
configure:13091: result: done
configure:13118: creating ./config.status

## ---------------------- ##
## Running config.status. ##
## ---------------------- ##

This file was extended by EES4100_Testbench config.status 0.1, which was
generated by GNU Autoconf 2.69.  Invocation command line was

  CONFIG_FILES    = 
  CONFIG_HEADERS  = 
  CONFIG_LINKS    = 
  CONFIG_COMMANDS = 
  $ ./config.status 

on localhost.localdomain

config.status:1093: creating Makefile
config.status:1093: creating scripts/Makefile
config.status:1093: creating common/Makefile
config.status:1093: creating src/Makefile
config.status:1093: creating config/config.h
config.status:1274: config/config.h is unchanged
config.status:1322: executing depfiles commands
config.status:1322: executing libtool commands

## ---------------- ##
## Cache variables. ##
## ---------------- ##

ac_cv_build=x86_64-pc-linux-gnu
ac_cv_c_compiler_gnu=yes
ac_cv_env_BACNET_CFLAGS_set=
ac_cv_env_BACNET_CFLAGS_value=
ac_cv_env_BACNET_LIBS_set=
ac_cv_env_BACNET_LIBS_value=
ac_cv_env_CC_set=
ac_cv_env_CC_value=
ac_cv_env_CFLAGS_set=
ac_cv_env_CFLAGS_value=
ac_cv_env_CPPFLAGS_set=
ac_cv_env_CPPFLAGS_value=
ac_cv_env_CPP_set=
ac_cv_env_CPP_value=
ac_cv_env_LDFLAGS_set=
ac_cv_env_LDFLAGS_value=
ac_cv_env_LIBS_set=
ac_cv_env_LIBS_value=
ac_cv_env_LT_SYS_LIBRARY_PATH_set=
ac_cv_env_LT_SYS_LIBRARY_PATH_value=
ac_cv_env_MODBUS_CFLAGS_set=
ac_cv_env_MODBUS_CFLAGS_value=
ac_cv_env_MODBUS_LIBS_set=
ac_cv_env_MODBUS_LIBS_value=
ac_cv_env_PKG_CONFIG_LIBDIR_set=
ac_cv_env_PKG_CONFIG_LIBDIR_value=
ac_cv_env_PKG_CONFIG_PATH_set=set
ac_cv_env_PKG_CONFIG_PATH_value=/usr/local/lib/pkgconfig/
ac_cv_env_PKG_CONFIG_set=
ac_cv_env_PKG_CONFIG_value=
ac_cv_env_build_alias_set=
ac_cv_env_build_alias_value=
ac_cv_env_host_alias_set=
ac_cv_env_host_alias_value=
ac_cv_env_target_alias_set=
ac_cv_env_target_alias_value=
ac_cv_header_dlfcn_h=yes
ac_cv_header_inttypes_h=yes
ac_cv_header_memory_h=yes
ac_cv_header_stdc=yes
ac_cv_header_stdint_h=yes
ac_cv_header_stdlib_h=yes
ac_cv_header_string_h=yes
ac_cv_header_strings_h=yes
ac_cv_header_sys_stat_h=yes
ac_cv_header_sys_types_h=yes
ac_cv_header_unistd_h=yes
ac_cv_host=x86_64-pc-linux-gnu
ac_cv_objext=o
ac_cv_path_EGREP='/usr/bin/grep -E'
ac_cv_path_FGREP='/usr/bin/grep -F'
ac_cv_path_GREP=/usr/bin/grep
ac_cv_path_SED=/usr/bin/sed
ac_cv_path_ac_pt_PKG_CONFIG=/usr/bin/pkg-config
ac_cv_path_install='/usr/bin/install -c'
ac_cv_path_lt_DD=/usr/bin/dd
ac_cv_path_mkdir=/usr/bin/mkdir
ac_cv_prog_AWK=gawk
ac_cv_prog_CPP='gcc -E'
ac_cv_prog_ac_ct_AR=ar
ac_cv_prog_ac_ct_CC=gcc
ac_cv_prog_ac_ct_OBJDUMP=objdump
ac_cv_prog_ac_ct_RANLIB=ranlib
ac_cv_prog_ac_ct_STRIP=strip
ac_cv_prog_cc_c89=
ac_cv_prog_cc_g=yes
ac_cv_prog_cc_gcc_c_o=yes
ac_cv_prog_make_make_set=yes
ac_cv_search_pthread_create=-lpthread
am_cv_CC_dependencies_compiler_type=gcc3
am_cv_make_support_nested_variables=yes
lt_cv_ar_at_file=@
lt_cv_archive_cmds_need_lc=no
lt_cv_deplibs_check_method=pass_all
lt_cv_file_magic_cmd='$MAGIC_CMD'
lt_cv_file_magic_test_file=
lt_cv_ld_reload_flag=-r
lt_cv_nm_interface='BSD nm'
lt_cv_objdir=.libs
lt_cv_path_LD=/usr/bin/ld
lt_cv_path_NM='/usr/bin/nm -B'
lt_cv_path_mainfest_tool=no
lt_cv_prog_compiler_c_o=yes
lt_cv_prog_compiler_pic='-fPIC -DPIC'
lt_cv_prog_compiler_pic_works=yes
lt_cv_prog_compiler_rtti_exceptions=no
lt_cv_prog_compiler_static_works=no
lt_cv_prog_gnu_ld=yes
lt_cv_sharedlib_from_linklib_cmd='printf %s\n'
lt_cv_shlibpath_overrides_runpath=no
lt_cv_sys_global_symbol_pipe='sed -n -e '\''s/^.*[	 ]\([ABCDGIRSTW][ABCDGIRSTW]*\)[	 ][	 ]*\([_A-Za-z][_A-Za-z0-9]*\)$/\1 \2 \2/p'\'' | sed '\''/ __gnu_lto/d'\'''
lt_cv_sys_global_symbol_to_c_name_address='sed -n -e '\''s/^: \(.*\) .*$/  {"\1", (void *) 0},/p'\'' -e '\''s/^[ABCDGIRSTW][ABCDGIRSTW]* .* \(.*\)$/  {"\1", (void *) \&\1},/p'\'''
lt_cv_sys_global_symbol_to_c_name_address_lib_prefix='sed -n -e '\''s/^: \(.*\) .*$/  {"\1", (void *) 0},/p'\'' -e '\''s/^[ABCDGIRSTW][ABCDGIRSTW]* .* \(lib.*\)$/  {"\1", (void *) \&\1},/p'\'' -e '\''s/^[ABCDGIRSTW][ABCDGIRSTW]* .* \(.*\)$/  {"lib\1", (void *) \&\1},/p'\'''
lt_cv_sys_global_symbol_to_cdecl='sed -n -e '\''s/^T .* \(.*\)$/extern int \1();/p'\'' -e '\''s/^[ABCDGIRSTW][ABCDGIRSTW]* .* \(.*\)$/extern char \1;/p'\'''
lt_cv_sys_global_symbol_to_import=
lt_cv_sys_max_cmd_len=1572864
lt_cv_to_host_file_cmd=func_convert_file_noop
lt_cv_to_tool_file_cmd=func_convert_file_noop
lt_cv_truncate_bin='/usr/bin/dd bs=4096 count=1'
pkg_cv_BACNET_CFLAGS='-DBACDL_ALL '
pkg_cv_BACNET_LIBS='-lbacnet -lm '
pkg_cv_MODBUS_CFLAGS='-I/usr/local/include/modbus '
pkg_cv_MODBUS_LIBS='-L/usr/local/lib -lmodbus '

## ----------------- ##
## Output variables. ##
## ----------------- ##

ACLOCAL='${SHELL} /home/Jay/Documents/VicUni/4thYr1stSem/OS/project/Project/config/missing aclocal-1.13'
AMDEPBACKSLASH='\'
AMDEP_FALSE='#'
AMDEP_TRUE=''
AMTAR='$${TAR-tar}'
AM_BACKSLASH='\'
AM_DEFAULT_V='$(AM_DEFAULT_VERBOSITY)'
AM_DEFAULT_VERBOSITY='0'
AM_V='$(V)'
AR='ar'
AUTOCONF='${SHELL} /home/Jay/Documents/VicUni/4thYr1stSem/OS/project/Project/config/missing autoconf'
AUTOHEADER='${SHELL} /home/Jay/Documents/VicUni/4thYr1stSem/OS/project/Project/config/missing autoheader'
AUTOMAKE='${SHELL} /home/Jay/Documents/VicUni/4thYr1stSem/OS/project/Project/config/missing automake-1.13'
AWK='gawk'
BACNET_CFLAGS='-DBACDL_ALL '
BACNET_LIBS='-lbacnet -lm '
CC='gcc'
CCDEPMODE='depmode=gcc3'
CFLAGS='-g -O2'
CPP='gcc -E'
CPPFLAGS=''
CYGPATH_W='echo'
DEFS='-DHAVE_CONFIG_H'
DEPDIR='.deps'
DLLTOOL='false'
DSYMUTIL=''
DUMPBIN=''
ECHO_C=''
ECHO_N='-n'
ECHO_T=''
EGREP='/usr/bin/grep -E'
EXEEXT=''
FGREP='/usr/bin/grep -F'
GREP='/usr/bin/grep'
INSTALL_DATA='${INSTALL} -m 644'
INSTALL_PROGRAM='${INSTALL}'
INSTALL_SCRIPT='${INSTALL}'
INSTALL_STRIP_PROGRAM='$(install_sh) -c -s'
LD='/usr/bin/ld -m elf_x86_64'
LDFLAGS=''
LIBOBJS=''
LIBS='-lpthread '
LIBTOOL='$(SHELL) $(top_builddir)/libtool'
LIPO=''
LN_S='ln -s'
LTLIBOBJS=''
LT_SYS_LIBRARY_PATH=''
MAKEINFO='${SHELL} /home/Jay/Documents/VicUni/4thYr1stSem/OS/project/Project/config/missing makeinfo'
MANIFEST_TOOL=':'
MKDIR_P='/usr/bin/mkdir -p'
MODBUS_CFLAGS='-I/usr/local/include/modbus '
MODBUS_LIBS='-L/usr/local/lib -lmodbus '
NM='/usr/bin/nm -B'
NMEDIT=''
OBJDUMP='objdump'
OBJEXT='o'
OTOOL64=''
OTOOL=''
PACKAGE='ees4100_testbench'
PACKAGE_BUGREPORT=''
PACKAGE_NAME='EES4100_Testbench'
PACKAGE_STRING='EES4100_Testbench 0.1'
PACKAGE_TARNAME='ees4100_testbench'
PACKAGE_URL=''
PACKAGE_VERSION='0.1'
PATH_SEPARATOR=':'
PKG_CONFIG='/usr/bin/pkg-config'
PKG_CONFIG_LIBDIR=''
PKG_CONFIG_PATH='/usr/local/lib/pkgconfig/'
RANLIB='ranlib'
SED='/usr/bin/sed'
SET_MAKE=''
SHELL='/bin/sh'
STRIP='strip'
VERSION='0.1'
ac_ct_AR='ar'
ac_ct_CC='gcc'
ac_ct_DUMPBIN=''
am__EXEEXT_FALSE=''
am__EXEEXT_TRUE='#'
am__fastdepCC_FALSE='#'
am__fastdepCC_TRUE=''
am__include='include'
am__isrc=''
am__leading_dot='.'
am__nodep='_no'
am__quote=''
am__tar='$${TAR-tar} chof - "$$tardir"'
am__untar='$${TAR-tar} xf -'
bindir='${exec_prefix}/bin'
build='x86_64-pc-linux-gnu'
build_alias=''
build_cpu='x86_64'
build_os='linux-gnu'
build_vendor='pc'
datadir='${datarootdir}'
datarootdir='${prefix}/share'
docdir='${datarootdir}/doc/${PACKAGE_TARNAME}'
dvidir='${docdir}'
exec_prefix='${prefix}'
host='x86_64-pc-linux-gnu'
host_alias=''
host_cpu='x86_64'
host_os='linux-gnu'
host_vendor='pc'
htmldir='${docdir}'
includedir='${prefix}/include'
infodir='${datarootdir}/info'
install_sh='${SHELL} /home/Jay/Documents/VicUni/4thYr1stSem/OS/project/Project/config/install-sh'
libdir='${exec_prefix}/lib'
libexecdir='${exec_prefix}/libexec'
localedir='${datarootdir}/locale'
localstatedir='${prefix}/var'
mandir='${datarootdir}/man'
mkdir_p='$(MKDIR_P)'
oldincludedir='/usr/include'
pdfdir='${docdir}'
prefix='/usr/local'
program_transform_name='s,x,x,'
psdir='${docdir}'
sbindir='${exec_prefix}/sbin'
sharedstatedir='${prefix}/com'
sysconfdir='${prefix}/etc'
target_alias=''

## ----------- ##
## confdefs.h. ##
## ----------- ##

/* confdefs.h */
#define PACKAGE_NAME "EES4100_Testbench"
#define PACKAGE_TARNAME "ees4100_testbench"
#define PACKAGE_VERSION "0.1"
#define PACKAGE_STRING "EES4100_Testbench 0.1"
#define PACKAGE_BUGREPORT ""
#define PACKAGE_URL ""
#define PACKAGE "ees4100_testbench"
#define VERSION "0.1"
#define STDC_HEADERS 1
#define HAVE_SYS_TYPES_H 1
#define HAVE_SYS_STAT_H 1
#define HAVE_STDLIB_H 1
#define HAVE_STRING_H 1
#define HAVE_MEMORY_H 1
#define HAVE_STRINGS_H 1
#define HAVE_INTTYPES_H 1
#define HAVE_STDINT_H 1
#define HAVE_UNISTD_H 1
#define HAVE_DLFCN_H 1
#define LT_OBJDIR ".libs/"

configure: exit 0
